<?xml version="1.0" encoding="UTF-8"?>
<!-- Generated by org.testng.reporters.JUnitReportReporter -->
<testsuite skipped="0" hostname="Yildizs-MBP" name="scripts.TechGlobalHeaderTest" tests="2" failures="0" timestamp="2023-01-15T11:19:44 CST" time="6.538" errors="0">
  <testcase name="validateTechGlobalHeaderDropdown" time="3.310" classname="scripts.TechGlobalHeaderTest"/>
  <system-out/>
  <testcase name="validateTechGlobalHeaderDropdownOptions" time="3.228" classname="scripts.TechGlobalHeaderTest"/>
  <system-out/>
</testsuite> <!-- scripts.TechGlobalHeaderTest -->
